        -:    0:Source:testa_rainhas.cpp
        -:    1:#define CATCH_CONFIG_MAIN
        -:    2:#include "catch.hpp"
        -:    3:#include "rainhas.h"
        -:    4:
function _ZL29____C_A_T_C_H____T_E_S_T____0v called 1 returned 100% blocks executed 42%
        1:    5:TEST_CASE("Verifica tabuleiro válido") {
        1:    6:    char tabuleiro[8][8] = {
        -:    7:        {'1', '0', '0', '0', '0', '0', '0', '0'},
        -:    8:        {'0', '0', '0', '0', '1', '0', '0', '0'},
        -:    9:        {'0', '0', '0', '0', '0', '0', '0', '1'},
        -:   10:        {'0', '0', '0', '0', '0', '1', '0', '0'},
        -:   11:        {'0', '0', '1', '0', '0', '0', '0', '0'},
        -:   12:        {'0', '0', '0', '0', '0', '0', '1', '0'},
        -:   13:        {'0', '1', '0', '0', '0', '0', '0', '0'},
        -:   14:        {'0', '0', '0', '1', '0', '0', '0', '0'}
        -:   15:    };
        1:   16:    REQUIRE(verificar_tabuleiro(tabuleiro) == 1);
call    0 returned 100%
call    1 returned 100%
call    2 returned 100%
call    3 returned 100%
branch  4 taken 100% (fallthrough)
branch  5 taken 0% (throw)
call    6 returned 100%
branch  7 taken 100% (fallthrough)
branch  8 taken 0% (throw)
call    9 returned 100%
branch 10 taken 100% (fallthrough)
branch 11 taken 0% (throw)
call   12 returned 100%
branch 13 taken 100% (fallthrough)
branch 14 taken 0% (throw)
call   15 returned 100%
branch 16 taken 100% (fallthrough)
branch 17 taken 0% (throw)
call   18 returned 100%
call   19 returned 100%
branch 20 taken 100% (fallthrough)
branch 21 taken 0% (throw)
call   22 returned 100%
call   23 never executed
call   24 never executed
call   25 never executed
branch 26 never executed (fallthrough)
branch 27 never executed (throw)
call   28 never executed
branch 29 never executed (fallthrough)
branch 30 never executed (throw)
call   31 never executed
call   32 never executed
        1:   17:}
